Z80 Macro Assembler ZMA v1.0.19
=====================================================
Programmed by t.hara

  DEFS is DEFINE STRING (default).
  OUTPUT TYPE: BINARY

<< code >>
LINE# |OFFSET|ADDR|MNEMONIC
======+======+====+==================================
     1|      |    |ORG 0x1000
------+------+----+----------------------------------
     2|      |    |CALL PUTS
      |      |    |  Z80:18cyc R800:5cyc
      |000000|1000|  CD 04 10
------+------+----+----------------------------------
     3|      |    |RET
      |      |    |  Z80:11cyc R800:5cyc
      |000003|1003|  C9
------+------+----+----------------------------------
     5|      |    |PUTS :
      |      |    |  label [PUTS] address: 0x001004
------+------+----+----------------------------------
     7|      |    |RET
      |      |    |  Z80:11cyc R800:5cyc
      |000004|1004|  C9
------+------+----+----------------------------------
<< label >>
PUTS ... 4100 ( 0x1004 )
