Z80 Macro Assembler ZMA v1.0.19
=====================================================
Programmed by t.hara

  DEFS is DEFINE STRING (default).
  OUTPUT TYPE: BINARY

<< code >>
LINE# |OFFSET|ADDR|MNEMONIC
======+======+====+==================================
     1|      |    |CHGMOD = 0x005F
      |      |    |  Integer symbol [CHGMOD] = 95 (0x5f)
------+------+----+----------------------------------
     2|      |    |CHPUT = 0x00A2
      |      |    |  Integer symbol [CHPUT] = 162 (0xa2)
------+------+----+----------------------------------
     3|      |    |CLS = 0x00C3
      |      |    |  Integer symbol [CLS] = 195 (0xc3)
------+------+----+----------------------------------
     5|      |    |ORG 0x4000
------+------+----+----------------------------------
     6|      |    |DB "AB"
      |000000|4000|  41 42
------+------+----+----------------------------------
     7|      |    |DW START
      |000002|4002|  10 40
------+------+----+----------------------------------
     8|      |    |DW 0
      |000004|4004|  00 00
------+------+----+----------------------------------
     9|      |    |DW 0
      |000006|4006|  00 00
------+------+----+----------------------------------
    10|      |    |DW 0
      |000008|4008|  00 00
------+------+----+----------------------------------
    11|      |    |DW 0
      |00000A|400A|  00 00
------+------+----+----------------------------------
    12|      |    |DW 0
      |00000C|400C|  00 00
------+------+----+----------------------------------
    13|      |    |DW 0
      |00000E|400E|  00 00
------+------+----+----------------------------------
    15|      |    |START :
      |      |    |  label [START] address: 0x004010
------+------+----+----------------------------------
    17|      |    |LD A, 1
      |      |    |  Z80:8cyc R800:2cyc
      |000010|4010|  3E 01
------+------+----+----------------------------------
    18|      |    |CALL CHGMOD
      |      |    |  Z80:18cyc R800:5cyc
      |000012|4012|  CD 5F 00
------+------+----+----------------------------------
    20|      |    |CALL CLS
      |      |    |  Z80:18cyc R800:5cyc
      |000015|4015|  CD C3 00
------+------+----+----------------------------------
    22|      |    |LD HL, S_HELLO
      |      |    |  Z80:11cyc R800:3cyc
      |000018|4018|  21 2A 40
------+------+----+----------------------------------
    23|      |    |CALL PUTS
      |      |    |  Z80:18cyc R800:5cyc
      |00001B|401B|  CD 21 40
------+------+----+----------------------------------
    25|      |    |LOOP :
      |      |    |  label [LOOP] address: 0x00401e
------+------+----+----------------------------------
    26|      |    |JP LOOP
      |      |    |  Z80:11cyc R800:5cyc
      |00001E|401E|  C3 1E 40
------+------+----+----------------------------------
    27|      |    |PUTS :
      |      |    |  label [PUTS] address: 0x004021
------+------+----+----------------------------------
    28|      |    |LD A, [ HL ]
      |      |    |  Z80:8cyc R800:4cyc
      |000021|4021|  7E
------+------+----+----------------------------------
    29|      |    |OR A, A
      |      |    |  Z80:5cyc R800:1cyc
      |000022|4022|  B7
------+------+----+----------------------------------
    30|      |    |RET Z
      |      |    |  Z80:12cyc/6cyc R800:5cyc/1cyc
      |000023|4023|  C8
------+------+----+----------------------------------
    31|      |    |CALL CHPUT
      |      |    |  Z80:18cyc R800:5cyc
      |000024|4024|  CD A2 00
------+------+----+----------------------------------
    32|      |    |INC HL
      |      |    |  Z80:7cyc R800:1cyc
      |000027|4027|  23
------+------+----+----------------------------------
    33|      |    |JR PUTS
      |      |    |  Z80:13cyc R800:3cyc
      |000028|4028|  18 F7
------+------+----+----------------------------------
    34|      |    |S_HELLO :
      |      |    |  label [S_HELLO] address: 0x00402a
------+------+----+----------------------------------
    35|      |    |DB "Hello, World!", 0
      |00002A|402A|  48 65 6C 6C 6F 2C 20 57
      |000032|4032|  6F 72 6C 64 21 00
------+------+----+----------------------------------
<< label >>
CHGMOD .... 95 ( 0x5f )
CHPUT ..... 162 ( 0xa2 )
CLS ....... 195 ( 0xc3 )
LOOP ...... 16414 ( 0x401e )
PUTS ...... 16417 ( 0x4021 )
START ..... 16400 ( 0x4010 )
S_HELLO ... 16426 ( 0x402a )
